app/build/intermediates/manifest_merge_blame_file/debug/manifest-merger-blame-debug-report.txt
1<?xml version="1.0" encoding="utf-8"?>
2<manifest xmlns:android="http://schemas.android.com/apk/res/android"
3    package="com.example.registeration"
4    android:versionCode="1"
5    android:versionName="1.0" >
6
7    <uses-sdk
8        android:minSdkVersion="21"
8-->src\main\AndroidManifest.xml
9        android:targetSdkVersion="32" />
9-->src\main\AndroidManifest.xml
10
11    <uses-permission android:name="android.permission.INTERNET" />
11-->src\main\AndroidManifest.xml:5:5-67
11-->src\main\AndroidManifest.xml:5:22-64
12
13    <application
13-->src\main\AndroidManifest.xml:7:5-56:19
14        android:allowBackup="true"
14-->src\main\AndroidManifest.xml:8:9-35
15        android:appComponentFactory="androidx.core.app.CoreComponentFactory"
15-->[androidx.core:core:1.8.0] AndroidManifest.xml:24:18-86
16        android:dataExtractionRules="@xml/data_extraction_rules"
16-->src\main\AndroidManifest.xml:9:9-65
17        android:debuggable="true"
18        android:fullBackupContent="@xml/backup_rules"
18-->src\main\AndroidManifest.xml:10:9-54
19        android:icon="@mipmap/ic_launcher"
19-->src\main\AndroidManifest.xml:11:9-43
20        android:label="@string/app_name"
20-->src\main\AndroidManifest.xml:12:9-41
21        android:roundIcon="@mipmap/ic_launcher_round"
21-->src\main\AndroidManifest.xml:13:9-54
22        android:supportsRtl="true"
22-->src\main\AndroidManifest.xml:14:9-35
23        android:testOnly="true"
24        android:theme="@style/Theme.Design.NoActionBar"
24-->src\main\AndroidManifest.xml:15:9-56
25        android:usesCleartextTraffic="true" >
25-->src\main\AndroidManifest.xml:16:9-44
26        <activity
26-->src\main\AndroidManifest.xml:19:9-26:20
27            android:name="com.example.registeration.Splashscreen"
27-->src\main\AndroidManifest.xml:19:19-47
28            android:exported="true" >
28-->src\main\AndroidManifest.xml:20:13-36
29            <intent-filter>
29-->src\main\AndroidManifest.xml:21:13-25:29
30                <action android:name="android.intent.action.MAIN" />
30-->src\main\AndroidManifest.xml:22:17-68
30-->src\main\AndroidManifest.xml:22:25-66
31
32                <category android:name="android.intent.category.LAUNCHER" />
32-->src\main\AndroidManifest.xml:24:17-77
32-->src\main\AndroidManifest.xml:24:27-74
33            </intent-filter>
34        </activity>
35        <activity
35-->src\main\AndroidManifest.xml:28:9-34:20
36            android:name="com.example.registeration.MainActivity"
36-->src\main\AndroidManifest.xml:29:13-41
37            android:exported="false" >
37-->src\main\AndroidManifest.xml:30:13-37
38            <meta-data
38-->src\main\AndroidManifest.xml:31:13-33:36
39                android:name="android.app.lib_name"
39-->src\main\AndroidManifest.xml:32:17-52
40                android:value="" />
40-->src\main\AndroidManifest.xml:33:17-33
41        </activity>
42        <activity
42-->src\main\AndroidManifest.xml:36:9-42:20
43            android:name="com.example.registeration.RegisterActivity"
43-->src\main\AndroidManifest.xml:37:13-45
44            android:exported="false" >
44-->src\main\AndroidManifest.xml:38:13-37
45            <meta-data
45-->src\main\AndroidManifest.xml:31:13-33:36
46                android:name="android.app.lib_name"
46-->src\main\AndroidManifest.xml:32:17-52
47                android:value="" />
47-->src\main\AndroidManifest.xml:33:17-33
48        </activity>
49        <activity
49-->src\main\AndroidManifest.xml:43:9-55:20
50            android:name="com.example.registeration.LoginActivity"
50-->src\main\AndroidManifest.xml:44:13-42
51            android:exported="true" >
51-->src\main\AndroidManifest.xml:45:13-36
52            <intent-filter>
52-->src\main\AndroidManifest.xml:21:13-25:29
53                <action android:name="android.intent.action.MAIN" />
53-->src\main\AndroidManifest.xml:22:17-68
53-->src\main\AndroidManifest.xml:22:25-66
54
55                <category android:name="android.intent.category.LAUNCHER" />
55-->src\main\AndroidManifest.xml:24:17-77
55-->src\main\AndroidManifest.xml:24:27-74
56            </intent-filter>
57
58            <meta-data
58-->src\main\AndroidManifest.xml:31:13-33:36
59                android:name="android.app.lib_name"
59-->src\main\AndroidManifest.xml:32:17-52
60                android:value="" />
60-->src\main\AndroidManifest.xml:33:17-33
61        </activity>
62
63        <provider
63-->[androidx.emoji2:emoji2:1.2.0] AndroidManifest.xml:24:9-32:20
64            android:name="androidx.startup.InitializationProvider"
64-->[androidx.emoji2:emoji2:1.2.0] AndroidManifest.xml:25:13-67
65            android:authorities="com.example.registeration.androidx-startup"
65-->[androidx.emoji2:emoji2:1.2.0] AndroidManifest.xml:26:13-68
66            android:exported="false" >
66-->[androidx.emoji2:emoji2:1.2.0] AndroidManifest.xml:27:13-37
67            <meta-data
67-->[androidx.emoji2:emoji2:1.2.0] AndroidManifest.xml:29:13-31:52
68                android:name="androidx.emoji2.text.EmojiCompatInitializer"
68-->[androidx.emoji2:emoji2:1.2.0] AndroidManifest.xml:30:17-75
69                android:value="androidx.startup" />
69-->[androidx.emoji2:emoji2:1.2.0] AndroidManifest.xml:31:17-49
70            <meta-data
70-->[androidx.lifecycle:lifecycle-process:2.4.1] AndroidManifest.xml:31:13-33:52
71                android:name="androidx.lifecycle.ProcessLifecycleInitializer"
71-->[androidx.lifecycle:lifecycle-process:2.4.1] AndroidManifest.xml:32:17-78
72                android:value="androidx.startup" />
72-->[androidx.lifecycle:lifecycle-process:2.4.1] AndroidManifest.xml:33:17-49
73        </provider>
74    </application>
75
76</manifest>